  [1m[35m (208.0ms)[0m  [1m[35mCREATE DATABASE "cnb-registry-api-dev" ENCODING = 'unicode'[0m
  [1m[35m (16.9ms)[0m  [1m[35mCREATE DATABASE "cnb-registry-api-test" ENCODING = 'unicode'[0m
  [1m[35m (3.6ms)[0m  [1m[35mCREATE TABLE "schema_migrations" ("version" character varying NOT NULL PRIMARY KEY)[0m
  [1m[35m (4.7ms)[0m  [1m[35mCREATE TABLE "ar_internal_metadata" ("key" character varying NOT NULL PRIMARY KEY, "value" character varying, "created_at" timestamp(6) NOT NULL, "updated_at" timestamp(6) NOT NULL)[0m
  [1m[35m (0.1ms)[0m  [1m[34mSELECT pg_try_advisory_lock(1956347011835514795)[0m
  [1m[35m (0.3ms)[0m  [1m[34mSELECT "schema_migrations"."version" FROM "schema_migrations" ORDER BY "schema_migrations"."version" ASC[0m
Migrating to CreateBuildpacks (20201216210624)
  [1m[36mTRANSACTION (14.0ms)[0m  [1m[35mBEGIN[0m
  [1m[35mSQL (6.5ms)[0m  [1m[35mCREATE EXTENSION IF NOT EXISTS "uuid-ossp"[0m
  [1m[35m (2.4ms)[0m  [1m[35mCREATE TABLE "buildpacks" ("id" uuid DEFAULT uuid_generate_v4() NOT NULL PRIMARY KEY, "namespace" character varying(250), "name" character varying(250), "version" character varying(250), "addr" character varying(250), "yank" boolean, "description" text, "homepage" text, "licenses" text[] DEFAULT '{}', "stacks" text[] DEFAULT '{}', "created_at" timestamp(6) NOT NULL, "updated_at" timestamp(6) NOT NULL)[0m
  [1m[35m (0.7ms)[0m  [1m[35mCREATE UNIQUE INDEX "index_buildpacks_on_name_namespace_version" ON "buildpacks" ("name", "namespace", "version")[0m
  [1m[36mActiveRecord::SchemaMigration Create (0.3ms)[0m  [1m[32mINSERT INTO "schema_migrations" ("version") VALUES ($1) RETURNING "version"[0m  [["version", "20201216210624"]]
  [1m[36mTRANSACTION (0.2ms)[0m  [1m[35mCOMMIT[0m
  [1m[36mActiveRecord::InternalMetadata Load (0.3ms)[0m  [1m[34mSELECT "ar_internal_metadata".* FROM "ar_internal_metadata" WHERE "ar_internal_metadata"."key" = $1 LIMIT $2[0m  [["key", "environment"], ["LIMIT", 1]]
  [1m[36mTRANSACTION (0.1ms)[0m  [1m[35mBEGIN[0m
  [1m[36mActiveRecord::InternalMetadata Create (0.3ms)[0m  [1m[32mINSERT INTO "ar_internal_metadata" ("key", "value", "created_at", "updated_at") VALUES ($1, $2, $3, $4) RETURNING "key"[0m  [["key", "environment"], ["value", "development"], ["created_at", "2020-12-16 21:14:15.731475"], ["updated_at", "2020-12-16 21:14:15.731475"]]
  [1m[36mTRANSACTION (0.2ms)[0m  [1m[35mCOMMIT[0m
  [1m[35m (0.2ms)[0m  [1m[34mSELECT pg_advisory_unlock(1956347011835514795)[0m
  [1m[35m (0.4ms)[0m  [1m[34mSELECT "schema_migrations"."version" FROM "schema_migrations" ORDER BY "schema_migrations"."version" ASC[0m
  [1m[35m (97.8ms)[0m  [1m[35mCREATE DATABASE "cnb-registry-api-dev" ENCODING = 'unicode'[0m
  [1m[35m (0.5ms)[0m  [1m[35mCREATE DATABASE "cnb-registry-api-test" ENCODING = 'unicode'[0m
  [1m[35m (0.3ms)[0m  [1m[35mCREATE DATABASE "cnb-registry-api-dev" ENCODING = 'unicode'[0m
  [1m[35m (88.4ms)[0m  [1m[35mCREATE DATABASE "cnb-registry-api-test" ENCODING = 'unicode'[0m
  [1m[35m (3.4ms)[0m  [1m[35mCREATE TABLE "schema_migrations" ("version" character varying NOT NULL PRIMARY KEY)[0m
  [1m[35m (1.7ms)[0m  [1m[35mCREATE TABLE "ar_internal_metadata" ("key" character varying NOT NULL PRIMARY KEY, "value" character varying, "created_at" timestamp(6) NOT NULL, "updated_at" timestamp(6) NOT NULL)[0m
  [1m[35m (0.1ms)[0m  [1m[34mSELECT pg_try_advisory_lock(1956347011835514795)[0m
  [1m[35m (0.4ms)[0m  [1m[34mSELECT "schema_migrations"."version" FROM "schema_migrations" ORDER BY "schema_migrations"."version" ASC[0m
Migrating to CreateBuildpacks (20201216210624)
  [1m[36mTRANSACTION (0.1ms)[0m  [1m[35mBEGIN[0m
  [1m[35mSQL (19.8ms)[0m  [1m[35mCREATE EXTENSION IF NOT EXISTS "uuid-ossp"[0m
  [1m[35m (2.5ms)[0m  [1m[35mCREATE TABLE "buildpacks" ("id" uuid DEFAULT uuid_generate_v4() NOT NULL PRIMARY KEY, "namespace" character varying(250) NOT NULL, "name" character varying(250) NOT NULL, "version" character varying(250) NOT NULL, "addr" character varying(250) NOT NULL, "yanked" boolean, "description" text, "homepage" text, "licenses" text[] DEFAULT '{}', "stacks" text[] DEFAULT '{}', "created_at" timestamp(6) NOT NULL, "updated_at" timestamp(6) NOT NULL)[0m
  [1m[35m (0.7ms)[0m  [1m[35mCREATE UNIQUE INDEX "index_buildpacks_on_name_namespace_version" ON "buildpacks" ("name", "namespace", "version")[0m
  [1m[36mActiveRecord::SchemaMigration Create (0.4ms)[0m  [1m[32mINSERT INTO "schema_migrations" ("version") VALUES ($1) RETURNING "version"[0m  [["version", "20201216210624"]]
  [1m[36mTRANSACTION (0.3ms)[0m  [1m[35mCOMMIT[0m
  [1m[36mActiveRecord::InternalMetadata Load (0.5ms)[0m  [1m[34mSELECT "ar_internal_metadata".* FROM "ar_internal_metadata" WHERE "ar_internal_metadata"."key" = $1 LIMIT $2[0m  [["key", "environment"], ["LIMIT", 1]]
  [1m[36mTRANSACTION (0.1ms)[0m  [1m[35mBEGIN[0m
  [1m[36mActiveRecord::InternalMetadata Create (0.4ms)[0m  [1m[32mINSERT INTO "ar_internal_metadata" ("key", "value", "created_at", "updated_at") VALUES ($1, $2, $3, $4) RETURNING "key"[0m  [["key", "environment"], ["value", "development"], ["created_at", "2020-12-16 21:16:11.228031"], ["updated_at", "2020-12-16 21:16:11.228031"]]
  [1m[36mTRANSACTION (0.2ms)[0m  [1m[35mCOMMIT[0m
  [1m[35m (0.2ms)[0m  [1m[34mSELECT pg_advisory_unlock(1956347011835514795)[0m
  [1m[35m (0.6ms)[0m  [1m[34mSELECT "schema_migrations"."version" FROM "schema_migrations" ORDER BY "schema_migrations"."version" ASC[0m
  [1m[35m (94.7ms)[0m  [1m[35mCREATE DATABASE "cnb-registry-api-dev" ENCODING = 'unicode'[0m
  [1m[35m (93.6ms)[0m  [1m[35mCREATE DATABASE "cnb-registry-api-test" ENCODING = 'unicode'[0m
  [1m[35m (4.1ms)[0m  [1m[35mCREATE TABLE "schema_migrations" ("version" character varying NOT NULL PRIMARY KEY)[0m
  [1m[35m (1.9ms)[0m  [1m[35mCREATE TABLE "ar_internal_metadata" ("key" character varying NOT NULL PRIMARY KEY, "value" character varying, "created_at" timestamp(6) NOT NULL, "updated_at" timestamp(6) NOT NULL)[0m
  [1m[35m (0.1ms)[0m  [1m[34mSELECT pg_try_advisory_lock(1956347011835514795)[0m
  [1m[35m (0.3ms)[0m  [1m[34mSELECT "schema_migrations"."version" FROM "schema_migrations" ORDER BY "schema_migrations"."version" ASC[0m
Migrating to CreateBuildpacks (20201216210624)
  [1m[36mTRANSACTION (0.1ms)[0m  [1m[35mBEGIN[0m
  [1m[35mSQL (19.6ms)[0m  [1m[35mCREATE EXTENSION IF NOT EXISTS "uuid-ossp"[0m
  [1m[35m (2.4ms)[0m  [1m[35mCREATE TABLE "buildpacks" ("id" uuid DEFAULT uuid_generate_v4() NOT NULL PRIMARY KEY, "namespace" character varying(250) NOT NULL, "name" character varying(250) NOT NULL, "version" character varying(250) NOT NULL, "addr" character varying(250) NOT NULL, "yanked" boolean DEFAULT FALSE, "description" text, "homepage" text, "licenses" text[] DEFAULT '{}', "stacks" text[] DEFAULT '{}', "created_at" timestamp(6) NOT NULL, "updated_at" timestamp(6) NOT NULL)[0m
  [1m[35m (0.7ms)[0m  [1m[35mCREATE UNIQUE INDEX "index_buildpacks_on_name_namespace_version" ON "buildpacks" ("name", "namespace", "version")[0m
  [1m[36mActiveRecord::SchemaMigration Create (0.3ms)[0m  [1m[32mINSERT INTO "schema_migrations" ("version") VALUES ($1) RETURNING "version"[0m  [["version", "20201216210624"]]
  [1m[36mTRANSACTION (2.2ms)[0m  [1m[35mCOMMIT[0m
  [1m[36mActiveRecord::InternalMetadata Load (0.3ms)[0m  [1m[34mSELECT "ar_internal_metadata".* FROM "ar_internal_metadata" WHERE "ar_internal_metadata"."key" = $1 LIMIT $2[0m  [["key", "environment"], ["LIMIT", 1]]
  [1m[36mTRANSACTION (0.1ms)[0m  [1m[35mBEGIN[0m
  [1m[36mActiveRecord::InternalMetadata Create (0.4ms)[0m  [1m[32mINSERT INTO "ar_internal_metadata" ("key", "value", "created_at", "updated_at") VALUES ($1, $2, $3, $4) RETURNING "key"[0m  [["key", "environment"], ["value", "development"], ["created_at", "2020-12-16 21:16:56.231477"], ["updated_at", "2020-12-16 21:16:56.231477"]]
  [1m[36mTRANSACTION (0.2ms)[0m  [1m[35mCOMMIT[0m
  [1m[35m (0.1ms)[0m  [1m[34mSELECT pg_advisory_unlock(1956347011835514795)[0m
  [1m[35m (0.5ms)[0m  [1m[34mSELECT "schema_migrations"."version" FROM "schema_migrations" ORDER BY "schema_migrations"."version" ASC[0m
Started GET "/" for 127.0.0.1 at 2020-12-16 15:29:23 -0600
  [1m[35m (0.4ms)[0m  [1m[34mSELECT "schema_migrations"."version" FROM "schema_migrations" ORDER BY "schema_migrations"."version" ASC[0m
Processing by Rails::WelcomeController#index as HTML
  Rendering /Users/jkutner/.rvm/gems/ruby-2.7.2/gems/railties-6.1.0/lib/rails/templates/rails/welcome/index.html.erb
  Rendered /Users/jkutner/.rvm/gems/ruby-2.7.2/gems/railties-6.1.0/lib/rails/templates/rails/welcome/index.html.erb (Duration: 6.3ms | Allocations: 343)
Completed 200 OK in 15ms (Views: 11.4ms | ActiveRecord: 0.0ms | Allocations: 1823)


Started GET "/" for ::1 at 2020-12-16 15:29:29 -0600
Processing by Rails::WelcomeController#index as HTML
  Rendering /Users/jkutner/.rvm/gems/ruby-2.7.2/gems/railties-6.1.0/lib/rails/templates/rails/welcome/index.html.erb
  Rendered /Users/jkutner/.rvm/gems/ruby-2.7.2/gems/railties-6.1.0/lib/rails/templates/rails/welcome/index.html.erb (Duration: 4.7ms | Allocations: 246)
Completed 200 OK in 7ms (Views: 5.7ms | ActiveRecord: 0.0ms | Allocations: 872)


Started GET "/" for ::1 at 2020-12-16 15:29:46 -0600
Processing by Rails::WelcomeController#index as HTML
  Rendering /Users/jkutner/.rvm/gems/ruby-2.7.2/gems/railties-6.1.0/lib/rails/templates/rails/welcome/index.html.erb
  Rendered /Users/jkutner/.rvm/gems/ruby-2.7.2/gems/railties-6.1.0/lib/rails/templates/rails/welcome/index.html.erb (Duration: 0.2ms | Allocations: 7)
Completed 200 OK in 1ms (Views: 0.8ms | ActiveRecord: 0.0ms | Allocations: 209)


Started GET "/api/v1/buildpacks/foo/bar" for ::1 at 2020-12-16 15:30:00 -0600
Processing by Api::V1::BuildpacksController#index as HTML
  Parameters: {"namespace"=>"foo", "name"=>"bar"}
Completed 200 OK in 0ms (Views: 0.2ms | ActiveRecord: 0.0ms | Allocations: 130)


Started GET "/api/v1/buildpacks/foo/bar" for ::1 at 2020-12-16 15:30:30 -0600
Processing by Api::V1::BuildpacksController#index as HTML
  Parameters: {"namespace"=>"foo", "name"=>"bar"}
Completed 200 OK in 0ms (Views: 0.2ms | ActiveRecord: 0.0ms | Allocations: 120)


Started GET "/api/v1/buildpacks/foo/bar" for ::1 at 2020-12-16 16:04:33 -0600
  [1m[35m (0.4ms)[0m  [1m[34mSELECT "schema_migrations"."version" FROM "schema_migrations" ORDER BY "schema_migrations"."version" ASC[0m
Processing by Api::V1::BuildpacksController#index as HTML
  Parameters: {"namespace"=>"foo", "name"=>"bar"}
Completed 200 OK in 1ms (Views: 0.9ms | ActiveRecord: 0.0ms | Allocations: 228)


Started GET "/api/v1/buildpacks/foo/bar/1.0.0" for ::1 at 2020-12-16 16:04:40 -0600
  
ActionController::RoutingError (No route matches [GET] "/api/v1/buildpacks/foo/bar/1.0.0"):
  
Started GET "/api/v1/buildpacks/foo/bar/1.0.0" for ::1 at 2020-12-16 16:08:02 -0600
  [1m[35m (0.4ms)[0m  [1m[34mSELECT "schema_migrations"."version" FROM "schema_migrations" ORDER BY "schema_migrations"."version" ASC[0m
  
ActionController::RoutingError (No route matches [GET] "/api/v1/buildpacks/foo/bar/1.0.0"):
  
Started GET "/api/v1/buildpacks/foo/bar/1.0.0" for ::1 at 2020-12-16 16:08:26 -0600
  [1m[35m (0.4ms)[0m  [1m[34mSELECT "schema_migrations"."version" FROM "schema_migrations" ORDER BY "schema_migrations"."version" ASC[0m
Processing by Api::V1::BuildpacksController#show as HTML
  Parameters: {"namespace"=>"foo", "name"=>"bar", "version"=>"1.0.0"}
Completed 200 OK in 2ms (Views: 0.3ms | ActiveRecord: 0.0ms | Allocations: 246)


Started GET "/api/v1/buildpacks/foo/bar/1.0.0" for ::1 at 2020-12-16 16:09:55 -0600
  [1m[35m (0.5ms)[0m  [1m[34mSELECT "schema_migrations"."version" FROM "schema_migrations" ORDER BY "schema_migrations"."version" ASC[0m
  
ActionController::RoutingError (No route matches [GET] "/api/v1/buildpacks/foo/bar/1.0.0"):
  
Started GET "/api/v1/buildpacks/foo/bar/1.0.0" for ::1 at 2020-12-16 16:10:20 -0600
  [1m[35m (16.7ms)[0m  [1m[34mSELECT "schema_migrations"."version" FROM "schema_migrations" ORDER BY "schema_migrations"."version" ASC[0m
Processing by Api::V1::BuildpacksController#show as HTML
  Parameters: {"namespace"=>"foo", "name"=>"bar", "version"=>"1.0.0"}
Completed 200 OK in 1ms (Views: 0.2ms | ActiveRecord: 0.0ms | Allocations: 246)


Started GET "/api/v1/buildpacks/foo/bar/1.0.0" for ::1 at 2020-12-16 16:10:39 -0600
  [1m[35m (0.5ms)[0m  [1m[34mSELECT "schema_migrations"."version" FROM "schema_migrations" ORDER BY "schema_migrations"."version" ASC[0m
Processing by Api::V1::BuildpacksController#show as HTML
  Parameters: {"namespace"=>"foo", "name"=>"bar", "version"=>"1.0.0"}
Completed 200 OK in 1ms (Views: 0.3ms | ActiveRecord: 0.0ms | Allocations: 246)


Started GET "/api/v1/buildpacks/foo/bar/1.0.0-beta" for ::1 at 2020-12-16 16:10:44 -0600
Processing by Api::V1::BuildpacksController#show as HTML
  Parameters: {"namespace"=>"foo", "name"=>"bar", "version"=>"1.0.0-beta"}
Completed 200 OK in 1ms (Views: 0.1ms | ActiveRecord: 0.0ms | Allocations: 157)


Started GET "/api/v1/search?matches=foo" for ::1 at 2020-12-16 16:12:26 -0600
  [1m[35m (0.5ms)[0m  [1m[34mSELECT "schema_migrations"."version" FROM "schema_migrations" ORDER BY "schema_migrations"."version" ASC[0m
  
SyntaxError (/Users/jkutner/workspace/buildpacks/registry-api-rails/registry-api-rails/app/controllers/api/v1/search_controller.rb:5: syntax error, unexpected `end', expecting '}'
  end
  ^~~
):
  
app/controllers/api/v1/search_controller.rb:5: syntax error, unexpected `end', expecting '}'
app/controllers/api/v1/search_controller.rb:5: syntax error, unexpected `end', expecting '}'
Started GET "/api/v1/search?matches=foo" for ::1 at 2020-12-16 16:12:36 -0600
Processing by Api::V1::SearchController#index as HTML
  Parameters: {"matches"=>"foo"}
Completed 200 OK in 0ms (Views: 0.2ms | ActiveRecord: 0.0ms | Allocations: 209)


Started GET "/api/v1/search" for ::1 at 2020-12-16 16:12:40 -0600
Processing by Api::V1::SearchController#index as HTML
Completed 200 OK in 0ms (Views: 0.1ms | ActiveRecord: 0.0ms | Allocations: 116)


Started GET "/api/v1/search" for ::1 at 2020-12-16 16:15:36 -0600
Processing by Api::V1::SearchController#index as HTML
Completed 400 Bad Request in 0ms (Views: 0.1ms | ActiveRecord: 0.0ms | Allocations: 109)


Started GET "/api/v1/search" for ::1 at 2020-12-16 16:15:54 -0600
Processing by Api::V1::SearchController#index as HTML
Completed 400 Bad Request in 0ms (Views: 0.1ms | ActiveRecord: 0.0ms | Allocations: 127)


Started GET "/api/v1/search?matches=" for ::1 at 2020-12-16 16:16:15 -0600
Processing by Api::V1::SearchController#index as HTML
  Parameters: {"matches"=>""}
Completed 200 OK in 0ms (Views: 0.1ms | ActiveRecord: 0.0ms | Allocations: 121)


Started GET "/api/v1/search?matches=" for ::1 at 2020-12-16 16:16:58 -0600
Processing by Api::V1::SearchController#index as HTML
  Parameters: {"matches"=>""}
Completed 500 Internal Server Error in 1ms (ActiveRecord: 0.0ms | Allocations: 648)


  
NoMethodError (undefined method `empty?' for nil:NilClass):
  
app/controllers/api/v1/search_controller.rb:5:in `index'
Started GET "/api/v1/search?matches=" for ::1 at 2020-12-16 16:17:25 -0600
Processing by Api::V1::SearchController#index as HTML
  Parameters: {"matches"=>""}
Completed 400 Bad Request in 0ms (Views: 0.1ms | ActiveRecord: 0.0ms | Allocations: 128)


Started GET "/api/v1/search?matches=asdf" for ::1 at 2020-12-16 16:17:32 -0600
Processing by Api::V1::SearchController#index as HTML
  Parameters: {"matches"=>"asdf"}
Completed 200 OK in 0ms (Views: 0.2ms | ActiveRecord: 0.0ms | Allocations: 121)


Started GET "/api/v1/buildpacks/foo/bar/1.0.0" for ::1 at 2020-12-16 16:19:56 -0600
  [1m[35m (0.4ms)[0m  [1m[34mSELECT "schema_migrations"."version" FROM "schema_migrations" ORDER BY "schema_migrations"."version" ASC[0m
Processing by Api::V1::BuildpacksController#show as HTML
  Parameters: {"namespace"=>"foo", "name"=>"bar", "version"=>"1.0.0"}
  [1m[36mBuildpack Load (1.1ms)[0m  [1m[34mSELECT "buildpacks".* FROM "buildpacks" WHERE "buildpacks"."name" = $1 AND "buildpacks"."namespace" = $2 AND "buildpacks"."version" = $3 LIMIT $4[0m  [["name", "bar"], ["namespace", "foo"], ["version", "1.0.0"], ["LIMIT", 1]]
  ↳ app/controllers/api/v1/buildpacks_controller.rb:16:in `show'
Completed 200 OK in 29ms (Views: 0.2ms | ActiveRecord: 18.5ms | Allocations: 2617)


Started GET "/api/v1/buildpacks/foo/bar/" for ::1 at 2020-12-16 16:20:13 -0600
Processing by Api::V1::BuildpacksController#index as HTML
  Parameters: {"namespace"=>"foo", "name"=>"bar"}
  [1m[36mBuildpack Load (0.1ms)[0m  [1m[34mSELECT "buildpacks".* FROM "buildpacks" WHERE "buildpacks"."name" = $1 AND "buildpacks"."namespace" = $2[0m  [["name", "bar"], ["namespace", "foo"]]
  ↳ app/controllers/api/v1/buildpacks_controller.rb:9:in `index'
Completed 200 OK in 5ms (Views: 1.4ms | ActiveRecord: 1.0ms | Allocations: 1775)


Started GET "/api/v1/buildpacks/foo/bar/1.0.0" for ::1 at 2020-12-16 16:20:17 -0600
Processing by Api::V1::BuildpacksController#show as HTML
  Parameters: {"namespace"=>"foo", "name"=>"bar", "version"=>"1.0.0"}
  [1m[36mBuildpack Load (0.3ms)[0m  [1m[34mSELECT "buildpacks".* FROM "buildpacks" WHERE "buildpacks"."name" = $1 AND "buildpacks"."namespace" = $2 AND "buildpacks"."version" = $3 LIMIT $4[0m  [["name", "bar"], ["namespace", "foo"], ["version", "1.0.0"], ["LIMIT", 1]]
  ↳ app/controllers/api/v1/buildpacks_controller.rb:16:in `show'
Completed 200 OK in 2ms (Views: 0.1ms | ActiveRecord: 0.3ms | Allocations: 764)


Started GET "/api/v1/buildpacks/jkutner/null" for ::1 at 2020-12-16 16:27:34 -0600
  [1m[35m (0.6ms)[0m  [1m[34mSELECT "schema_migrations"."version" FROM "schema_migrations" ORDER BY "schema_migrations"."version" ASC[0m
Processing by Api::V1::BuildpacksController#index as HTML
  Parameters: {"namespace"=>"jkutner", "name"=>"null"}
  [1m[36mBuildpack Load (0.6ms)[0m  [1m[34mSELECT "buildpacks".* FROM "buildpacks" WHERE "buildpacks"."name" = $1 AND "buildpacks"."namespace" = $2[0m  [["name", "null"], ["namespace", "jkutner"]]
  ↳ app/controllers/api/v1/buildpacks_controller.rb:9:in `index'
Completed 200 OK in 51ms (Views: 25.1ms | ActiveRecord: 20.6ms | Allocations: 8553)


Started GET "/api/v1/buildpacks/jkutner/null" for ::1 at 2020-12-16 16:31:29 -0600
  [1m[35m (0.5ms)[0m  [1m[34mSELECT "schema_migrations"."version" FROM "schema_migrations" ORDER BY "schema_migrations"."version" ASC[0m
Processing by Api::V1::BuildpacksController#index as HTML
  Parameters: {"namespace"=>"jkutner", "name"=>"null"}
  [1m[36mBuildpack Load (0.5ms)[0m  [1m[34mSELECT "buildpacks".* FROM "buildpacks" WHERE "buildpacks"."name" = $1 AND "buildpacks"."namespace" = $2[0m  [["name", "null"], ["namespace", "jkutner"]]
  ↳ app/controllers/api/v1/buildpacks_controller.rb:9:in `index'
Completed 200 OK in 29ms (Views: 13.2ms | ActiveRecord: 3.4ms | Allocations: 8550)


